<?xml version="1.0" encoding="UTF-8"?>
<!-- Generated by org.testng.reporters.JUnitReportReporter -->
<testsuite hostname="DESKTOP-16BLF8J" failures="0" tests="1" name="SeleniumJenkins.SeleniumJenkins.AppTest" time="1.701" errors="0" timestamp="2024-03-22T23:21:09 IST" skipped="0">
  <testcase classname="SeleniumJenkins.SeleniumJenkins.AppTest" name="validateLoginTC" time="1.701"/>
</testsuite> <!-- SeleniumJenkins.SeleniumJenkins.AppTest -->
